11:40:17,599 INFO  [org.jboss.modules] JBoss Modules version 1.1.1.GA
11:40:17,933 INFO  [org.jboss.msc] JBoss MSC version 1.0.2.GA
11:40:18,026 INFO  [org.jboss.as] JBAS015899: JBoss AS 7.1.1.Final "Brontes" starting
11:40:18,030 DEBUG [org.jboss.as.config] Configured system properties:
	awt.toolkit = sun.awt.windows.WToolkit
	file.encoding = Cp1252
	file.encoding.pkg = sun.io
	file.separator = \
	java.awt.graphicsenv = sun.awt.Win32GraphicsEnvironment
	java.awt.headless = true
	java.awt.printerjob = sun.awt.windows.WPrinterJob
	java.class.path = C:\Users\manuel.gutierrez\Desktop\rev-ii\server\jboss-as-7.1.1.Final\jboss-modules.jar
	java.class.version = 50.0
	java.endorsed.dirs = C:\Program Files\Java\jdk1.6.0_31\jre\lib\endorsed
	java.ext.dirs = C:\Program Files\Java\jdk1.6.0_31\jre\lib\ext;C:\Windows\Sun\Java\lib\ext
	java.home = C:\Program Files\Java\jdk1.6.0_31\jre
	java.io.tmpdir = C:\Users\MANUEL~1.GUT\AppData\Local\Temp\
	java.library.path = C:\Program Files\Java\jdk1.6.0_31\bin;C:\Windows\Sun\Java\bin;C:\Windows\system32;C:\Windows;C:\Program Files\Java\jdk1.6.0_31\jre\bin;native;C:/Program Files/Java/jdk1.6.0_31/bin/../jre/bin/server;C:/Program Files/Java/jdk1.6.0_31/bin/../jre/bin;C:/Program Files/Java/jdk1.6.0_31/bin/../jre/lib/amd64;c:\program files (x86)\imagemagick-6.0.0-q16;C:\gs\gs8.14\lib;C:\gs\gs8.14\bin;C:\oraclexe\app\oracle\product\10.2.0\server\bin;C:\Windows\system32;C:\Windows;C:\Windows\System32\Wbem;C:\Windows\System32\WindowsPowerShell\v1.0\;C:\Program Files\Microsoft System Center\Service Manager 2010\;C:\ant\bin;C:\Program Files\Java\jdk1.6.0_31\bin;C:\Program Files\TortoiseSVN\bin;C:\Program Files (x86)\Enterprise Vault\EVClient\;C:\Program Files\Microsoft\Web Platform Installer\;C:\Program Files (x86)\Microsoft ASP.NET\ASP.NET Web Pages\v1.0\;C:\Program Files\Microsoft SQL Server\110\Tools\Binn\;C:\suite_sucursal\Libs;C:\suite_sucursal\bin;;C:\eclipse;;.
	java.net.preferIPv4Stack = true
	java.runtime.name = Java(TM) SE Runtime Environment
	java.runtime.version = 1.6.0_31-b05
	java.specification.name = Java Platform API Specification
	java.specification.vendor = Sun Microsystems Inc.
	java.specification.version = 1.6
	java.util.logging.manager = org.jboss.logmanager.LogManager
	java.vendor = Sun Microsystems Inc.
	java.vendor.url = http://java.sun.com/
	java.vendor.url.bug = http://java.sun.com/cgi-bin/bugreport.cgi
	java.version = 1.6.0_31
	java.vm.info = mixed mode
	java.vm.name = Java HotSpot(TM) 64-Bit Server VM
	java.vm.specification.name = Java Virtual Machine Specification
	java.vm.specification.vendor = Sun Microsystems Inc.
	java.vm.specification.version = 1.0
	java.vm.vendor = Sun Microsystems Inc.
	java.vm.version = 20.6-b01
	javax.management.builder.initial = org.jboss.as.jmx.PluggableMBeanServerBuilder
	javax.xml.datatype.DatatypeFactory = __redirected.__DatatypeFactory
	javax.xml.parsers.DocumentBuilderFactory = __redirected.__DocumentBuilderFactory
	javax.xml.parsers.SAXParserFactory = __redirected.__SAXParserFactory
	javax.xml.stream.XMLEventFactory = __redirected.__XMLEventFactory
	javax.xml.stream.XMLInputFactory = __redirected.__XMLInputFactory
	javax.xml.stream.XMLOutputFactory = __redirected.__XMLOutputFactory
	javax.xml.transform.TransformerFactory = __redirected.__TransformerFactory
	javax.xml.validation.SchemaFactory:http://www.w3.org/2001/XMLSchema = __redirected.__SchemaFactory
	javax.xml.xpath.XPathFactory:http://java.sun.com/jaxp/xpath/dom = __redirected.__XPathFactory
	jboss.bind.address = localhost
	jboss.home.dir = C:\Users\manuel.gutierrez\Desktop\rev-ii\server\jboss-as-7.1.1.Final
	jboss.host.name = eq13797
	jboss.modules.dir = C:\Users\manuel.gutierrez\Desktop\rev-ii\server\jboss-as-7.1.1.Final\modules
	jboss.modules.system.pkgs = org.jboss.byteman
	jboss.node.name = eq13797
	jboss.qualified.host.name = eq13797
	jboss.server.base.dir = C:\Users\manuel.gutierrez\Desktop\rev-ii\server\jboss-as-7.1.1.Final\standalone
	jboss.server.config.dir = C:\Users\manuel.gutierrez\Desktop\rev-ii\server\jboss-as-7.1.1.Final\standalone\configuration
	jboss.server.data.dir = C:\Users\manuel.gutierrez\Desktop\rev-ii\server\jboss-as-7.1.1.Final\standalone\data
	jboss.server.deploy.dir = C:\Users\manuel.gutierrez\Desktop\rev-ii\server\jboss-as-7.1.1.Final\standalone\data\content
	jboss.server.log.dir = C:\Users\manuel.gutierrez\Desktop\rev-ii\server\jboss-as-7.1.1.Final\standalone\log
	jboss.server.name = eq13797
	jboss.server.temp.dir = C:\Users\manuel.gutierrez\Desktop\rev-ii\server\jboss-as-7.1.1.Final\standalone\tmp
	line.separator = 

	logging.configuration = file:/C:/Users/manuel.gutierrez/Desktop/rev-ii/server/jboss-as-7.1.1.Final/standalone/configuration/logging.properties
	module.path = C:/Users/manuel.gutierrez/Desktop/rev-ii/server/jboss-as-7.1.1.Final/modules
	org.jboss.boot.log.file = C:/Users/manuel.gutierrez/Desktop/rev-ii/server/jboss-as-7.1.1.Final/standalone/log/boot.log
	org.jboss.resolver.warning = true
	org.xml.sax.driver = __redirected.__XMLReaderFactory
	os.arch = amd64
	os.name = Windows 7
	os.version = 6.1
	path.separator = ;
	sun.arch.data.model = 64
	sun.boot.class.path = C:\Program Files\Java\jdk1.6.0_31\jre\lib\resources.jar;C:\Program Files\Java\jdk1.6.0_31\jre\lib\rt.jar;C:\Program Files\Java\jdk1.6.0_31\jre\lib\sunrsasign.jar;C:\Program Files\Java\jdk1.6.0_31\jre\lib\jsse.jar;C:\Program Files\Java\jdk1.6.0_31\jre\lib\jce.jar;C:\Program Files\Java\jdk1.6.0_31\jre\lib\charsets.jar;C:\Program Files\Java\jdk1.6.0_31\jre\lib\modules\jdk.boot.jar;C:\Program Files\Java\jdk1.6.0_31\jre\classes
	sun.boot.library.path = C:\Program Files\Java\jdk1.6.0_31\jre\bin
	sun.cpu.endian = little
	sun.cpu.isalist = amd64
	sun.desktop = windows
	sun.io.unicode.encoding = UnicodeLittle
	sun.java.command = org.jboss.modules.Main -mp C:/Users/manuel.gutierrez/Desktop/rev-ii/server/jboss-as-7.1.1.Final/modules -jaxpmodule javax.xml.jaxp-provider org.jboss.as.standalone -b localhost --server-config=standalone.xml
	sun.java.launcher = SUN_STANDARD
	sun.jnu.encoding = Cp1252
	sun.management.compiler = HotSpot 64-Bit Tiered Compilers
	sun.os.patch.level = Service Pack 1
	sun.rmi.dgc.client.gcInterval = 3600000
	sun.rmi.dgc.server.gcInterval = 3600000
	user.country = CL
	user.dir = C:\Users\manuel.gutierrez\Desktop\rev-ii\server\jboss-as-7.1.1.Final\bin
	user.home = C:\Users\manuel.gutierrez
	user.language = es
	user.name = manuel.gutierrez
	user.timezone = America/Santiago
	user.variant = 
11:40:18,100 DEBUG [org.jboss.as.config] VM Arguments: -agentlib:jdwp=transport=dt_socket,suspend=y,address=localhost:61660 -Xms64m -Xmx512m -XX:MaxPermSize=256m -Djava.net.preferIPv4Stack=true -Dorg.jboss.resolver.warning=true -Dsun.rmi.dgc.client.gcInterval=3600000 -Dsun.rmi.dgc.server.gcInterval=3600000 -Djboss.modules.system.pkgs=org.jboss.byteman -Djava.awt.headless=true -Dorg.jboss.boot.log.file=C:/Users/manuel.gutierrez/Desktop/rev-ii/server/jboss-as-7.1.1.Final/standalone/log/boot.log -Dlogging.configuration=file:/C:/Users/manuel.gutierrez/Desktop/rev-ii/server/jboss-as-7.1.1.Final/standalone/configuration/logging.properties -Djboss.home.dir=C:/Users/manuel.gutierrez/Desktop/rev-ii/server/jboss-as-7.1.1.Final -Dfile.encoding=Cp1252 
11:40:19,326 INFO  [org.jboss.as.server] JBAS015888: Creating http management service using socket-binding (management-http)
11:40:19,327 INFO  [org.xnio] XNIO Version 3.0.3.GA
11:40:19,345 INFO  [org.xnio.nio] XNIO NIO Implementation Version 3.0.3.GA
11:40:19,357 INFO  [org.jboss.remoting] JBoss Remoting version 3.2.3.GA
11:40:19,381 INFO  [org.jboss.as.logging] JBAS011502: Removing bootstrap log handlers
